0 info it worked if it ends with ok
1 verbose cli [ '/usr/local/Cellar/node/7.2.1/bin/node',
1 verbose cli   '/usr/local/bin/npm',
1 verbose cli   'publish' ]
2 info using npm@3.10.9
3 info using node@v7.2.1
4 verbose publish [ '.' ]
5 silly cache add args [ '.', null ]
6 verbose cache add spec .
7 silly cache add parsed spec Result {
7 silly cache add   raw: '.',
7 silly cache add   scope: null,
7 silly cache add   escapedName: null,
7 silly cache add   name: null,
7 silly cache add   rawSpec: '.',
7 silly cache add   spec: '/Users/toy/Documents/react-data-store',
7 silly cache add   type: 'directory' }
8 verbose addLocalDirectory /Users/toy/.npm/react-data-store/0.0.1/package.tgz not in flight; packing
9 verbose correctMkdir /Users/toy/.npm correctMkdir not in flight; initializing
10 info lifecycle react-data-store@0.0.1~prepublish: react-data-store@0.0.1
11 silly lifecycle react-data-store@0.0.1~prepublish: no script for prepublish, continuing
12 verbose tar pack [ '/Users/toy/.npm/react-data-store/0.0.1/package.tgz',
12 verbose tar pack   '/Users/toy/Documents/react-data-store' ]
13 verbose tarball /Users/toy/.npm/react-data-store/0.0.1/package.tgz
14 verbose folder /Users/toy/Documents/react-data-store
15 verbose addLocalTarball adding from inside cache /Users/toy/.npm/react-data-store/0.0.1/package.tgz
16 verbose correctMkdir /Users/toy/.npm correctMkdir not in flight; initializing
17 silly cache afterAdd react-data-store@0.0.1
18 verbose afterAdd /Users/toy/.npm/react-data-store/0.0.1/package/package.json not in flight; writing
19 verbose correctMkdir /Users/toy/.npm correctMkdir not in flight; initializing
20 verbose afterAdd /Users/toy/.npm/react-data-store/0.0.1/package/package.json written
21 silly publish { name: 'react-data-store',
21 silly publish   version: '0.0.1',
21 silly publish   description: 'React state container with Decorator',
21 silly publish   main: 'build/index.js',
21 silly publish   scripts: { build: 'babel src -d build' },
21 silly publish   repository:
21 silly publish    { type: 'git',
21 silly publish      url: 'git+https://github.com/MrToy/react-data-store.git' },
21 silly publish   keywords:
21 silly publish    [ 'flux',
21 silly publish      'decorator',
21 silly publish      'store',
21 silly publish      'publish',
21 silly publish      'subscribe',
21 silly publish      'live',
21 silly publish      'hot',
21 silly publish      'functional',
21 silly publish      'predictable',
21 silly publish      'state',
21 silly publish      'reducer' ],
21 silly publish   author: { name: 'toy' },
21 silly publish   license: 'ISC',
21 silly publish   bugs: { url: 'https://github.com/MrToy/react-data-store/issues' },
21 silly publish   homepage: 'https://github.com/MrToy/react-data-store#readme',
21 silly publish   devDependencies:
21 silly publish    { 'babel-cli': '^6.22.2',
21 silly publish      'babel-plugin-transform-decorators-legacy': '^1.3.4',
21 silly publish      'babel-preset-es2015': '^6.0.15',
21 silly publish      'babel-preset-react': '^6.0.15',
21 silly publish      'babel-preset-stage-0': '^6.5.0' },
21 silly publish   readme: '# react-data-store\n\nreact-data-store is a state manager for React\n\n##installation\n\n\tnpm install --save react-data-store\n\t\n##How it works\n\nIt will map your store properties to component\n\nFirst,Create one of store.js\n\n```js\nimport {createStore} from \'react-data-store\'\n\nexport default createStore({\n\tkey:1,\n\tchange(){\n\t\tthis.setState({key:Math.random()})\n\t}\n})\n```\n\nthen, bind it to your component.js\n\n```js\nimport React from \'react\'\nimport store from \'./store.js\'\nimport {withStore} from \'react-data-store\'\n\n@withStore({store})\nclass Main extends React.Component{\n\trender(){\n\t\tlet {key,onchange}=this.props.store\n\t\treturn(\n\t\t\t<div>\n\t\t\t\t<div>{key}</div>\n\t\t\t\t<button onClick={onchange}>Click me!</button>\n\t\t\t</div>\n\t\t)\n\t}\n}\n\nexport default Main\n```\n\n\n\n##If with pure function Component\n\n```js\nconst Main=withStore({store})(props=>(\n\t<div>\n\t\t<div>{props.key}</div>\n\t\t<button onClick={props.onchange}>Click me!</button>\n\t</div>\n))\n```\n\n\n\n\n',
21 silly publish   readmeFilename: 'README.md',
21 silly publish   gitHead: '3b27e95fb5a9dabbd9237d4d8532dc55e3668b05',
21 silly publish   _id: 'react-data-store@0.0.1',
21 silly publish   _shasum: '49f899f84460670b39dbc4b8151914b36a44e5e4',
21 silly publish   _from: '.' }
22 verbose getPublishConfig undefined
23 silly mapToRegistry name react-data-store
24 silly mapToRegistry using default registry
25 silly mapToRegistry registry https://registry.npmjs.org/
26 silly mapToRegistry data Result {
26 silly mapToRegistry   raw: 'react-data-store',
26 silly mapToRegistry   scope: null,
26 silly mapToRegistry   escapedName: 'react-data-store',
26 silly mapToRegistry   name: 'react-data-store',
26 silly mapToRegistry   rawSpec: '',
26 silly mapToRegistry   spec: 'latest',
26 silly mapToRegistry   type: 'tag' }
27 silly mapToRegistry uri https://registry.npmjs.org/react-data-store
28 verbose publish registryBase https://registry.npmjs.org/
29 silly publish uploading /Users/toy/.npm/react-data-store/0.0.1/package.tgz
30 verbose request uri https://registry.npmjs.org/react-data-store
31 verbose request sending authorization for write operation
32 info attempt registry request try #1 at 21:18:10
33 verbose request using bearer token for auth
34 verbose request id d741895569ef63e5
35 http request PUT https://registry.npmjs.org/react-data-store
36 http 403 https://registry.npmjs.org/react-data-store
37 verbose headers { 'content-type': 'application/json',
37 verbose headers   'cache-control': 'max-age=300',
37 verbose headers   'content-length': '95',
37 verbose headers   'accept-ranges': 'bytes',
37 verbose headers   date: 'Tue, 07 Feb 2017 13:18:11 GMT',
37 verbose headers   via: '1.1 varnish',
37 verbose headers   connection: 'keep-alive',
37 verbose headers   'x-served-by': 'cache-hkg6820-HKG',
37 verbose headers   'x-cache': 'MISS',
37 verbose headers   'x-cache-hits': '0',
37 verbose headers   'x-timer': 'S1486473491.078514,VS0,VE850',
37 verbose headers   vary: 'Accept-Encoding' }
38 verbose request invalidating /Users/toy/.npm/registry.npmjs.org/react-data-store on PUT
39 error publish Failed PUT 403
40 verbose stack Error: "You cannot publish over the previously published version 0.0.1." : react-data-store
40 verbose stack     at makeError (/usr/local/lib/node_modules/npm/node_modules/npm-registry-client/lib/request.js:302:12)
40 verbose stack     at CachingRegistryClient.<anonymous> (/usr/local/lib/node_modules/npm/node_modules/npm-registry-client/lib/request.js:290:14)
40 verbose stack     at Request._callback (/usr/local/lib/node_modules/npm/node_modules/npm-registry-client/lib/request.js:210:14)
40 verbose stack     at Request.self.callback (/usr/local/lib/node_modules/npm/node_modules/request/request.js:187:22)
40 verbose stack     at emitTwo (events.js:106:13)
40 verbose stack     at Request.emit (events.js:191:7)
40 verbose stack     at Request.<anonymous> (/usr/local/lib/node_modules/npm/node_modules/request/request.js:1048:10)
40 verbose stack     at emitOne (events.js:96:13)
40 verbose stack     at Request.emit (events.js:188:7)
40 verbose stack     at IncomingMessage.<anonymous> (/usr/local/lib/node_modules/npm/node_modules/request/request.js:969:12)
41 verbose statusCode 403
42 verbose pkgid react-data-store
43 verbose cwd /Users/toy/Documents/react-data-store
44 error Darwin 16.3.0
45 error argv "/usr/local/Cellar/node/7.2.1/bin/node" "/usr/local/bin/npm" "publish"
46 error node v7.2.1
47 error npm  v3.10.9
48 error code E403
49 error "You cannot publish over the previously published version 0.0.1." : react-data-store
50 error If you need help, you may report this error at:
50 error     <https://github.com/npm/npm/issues>
51 verbose exit [ 1, true ]
